<?xml version="1.0" encoding="UTF-8"?>
<!-- Generated by org.testng.reporters.JUnitXMLReporter -->
<testsuite ignored="7" hostname="LAPTOP-4VVFQ6JD" failures="0" tests="2" name="Default test" time="4.56" errors="0" timestamp="2025-08-05T02:18:03 EET">
  <testcase classname="myTestCasese" name="ChecktheDepartureDateisCorrect" time="0.064"/>
  <testcase classname="myTestCasese" name="CheckTheReturnDateisCorrect" time="0.024"/>
  <testcase classname="myTestCasese" name="checkTheMobileNo" time="0.0">
    <ignored/>
  </testcase> <!-- checkTheMobileNo -->
  <testcase classname="myTestCasese" name="checkTheCurrncyisSAR" time="0.0">
    <ignored/>
  </testcase> <!-- checkTheCurrncyisSAR -->
  <testcase classname="myTestCasese" name="checkReturneDate" time="0.0">
    <ignored/>
  </testcase> <!-- checkReturneDate -->
  <testcase classname="myTestCasese" name="checkTheLangaueisEn" time="0.0">
    <ignored/>
  </testcase> <!-- checkTheLangaueisEn -->
  <testcase classname="myTestCasese" name="checkQitafLogo" time="0.0">
    <ignored/>
  </testcase> <!-- checkQitafLogo -->
  <testcase classname="myTestCasese" name="checkDepartureDate" time="0.0">
    <ignored/>
  </testcase> <!-- checkDepartureDate -->
  <testcase classname="myTestCasese" name="checkStaysTabnotSelected" time="0.0">
    <ignored/>
  </testcase> <!-- checkStaysTabnotSelected -->
</testsuite> <!-- Default test -->
