<?xml version="1.0" encoding="UTF-8"?>
<!-- Generated by org.testng.reporters.JUnitXMLReporter -->
<testsuite ignored="10" hostname="LAPTOP-4VVFQ6JD" failures="0" tests="3" name="Default test" time="62.773" errors="0" timestamp="2025-09-02T01:03:00 EET">
  <testcase classname="myTestCasese" name="checkTheHotelTab" time="1.824"/>
  <testcase classname="myTestCasese" name="ChecknumberOfPeopleIsCorrect" time="0.49"/>
  <testcase classname="myTestCasese" name="checkTheSearchResult" time="37.493"/>
  <testcase classname="myTestCasese" name="ChecktheDepartureDateisCorrect" time="0.0">
    <ignored/>
  </testcase> <!-- ChecktheDepartureDateisCorrect -->
  <testcase classname="myTestCasese" name="checkTheMobileNo" time="0.0">
    <ignored/>
  </testcase> <!-- checkTheMobileNo -->
  <testcase classname="myTestCasese" name="checkTheCurrncyisSAR" time="0.0">
    <ignored/>
  </testcase> <!-- checkTheCurrncyisSAR -->
  <testcase classname="myTestCasese" name="checkTheLangaueisEn" time="0.0">
    <ignored/>
  </testcase> <!-- checkTheLangaueisEn -->
  <testcase classname="myTestCasese" name="checkQitafLogo" time="0.0">
    <ignored/>
  </testcase> <!-- checkQitafLogo -->
  <testcase classname="myTestCasese" name="CheckLangisSelectedRandomly2" time="0.0">
    <ignored/>
  </testcase> <!-- CheckLangisSelectedRandomly2 -->
  <testcase classname="myTestCasese" name="checkSortingLtoH" time="0.0">
    <ignored/>
  </testcase> <!-- checkSortingLtoH -->
  <testcase classname="myTestCasese" name="checkStaysTabnotSelected" time="0.0">
    <ignored/>
  </testcase> <!-- checkStaysTabnotSelected -->
  <testcase classname="myTestCasese" name="CheckTheReturnDateisCorrect" time="0.0">
    <ignored/>
  </testcase> <!-- CheckTheReturnDateisCorrect -->
  <testcase classname="myTestCasese" name="CheckLangisSelectedRandomly" time="0.0">
    <ignored/>
  </testcase> <!-- CheckLangisSelectedRandomly -->
</testsuite> <!-- Default test -->
