<?xml version="1.0" encoding="UTF-8"?>
<testng-results ignored="9" total="14" passed="5" failed="0" skipped="0">
  <reporter-output>
  </reporter-output>
  <suite started-at="2025-08-19T01:44:48 EET" name="Default suite" finished-at="2025-08-19T01:44:58 EET" duration-ms="10769">
    <groups>
    </groups>
    <test started-at="2025-08-19T01:44:48 EET" name="Default test" finished-at="2025-08-19T01:44:58 EET" duration-ms="10769">
      <class name="myTestCasese">
        <test-method is-config="true" signature="setup()[pri:0, instance:myTestCasese@3e30646a]" started-at="2025-08-19T01:44:48 EET" name="setup" finished-at="2025-08-19T01:44:57 EET" duration-ms="9177" status="PASS">
          <reporter-output>
          </reporter-output>
        </test-method> <!-- setup -->
        <test-method signature="checkTheHotelTab()[pri:4, instance:myTestCasese@3e30646a]" started-at="2025-08-19T01:44:57 EET" name="checkTheHotelTab" finished-at="2025-08-19T01:44:58 EET" duration-ms="862" status="PASS">
          <reporter-output>
          </reporter-output>
        </test-method> <!-- checkTheHotelTab -->
        <test-method signature="ChecknumberOfPeopleIsCorrect()[pri:5, instance:myTestCasese@3e30646a]" started-at="2025-08-19T01:44:58 EET" name="ChecknumberOfPeopleIsCorrect" finished-at="2025-08-19T01:44:58 EET" duration-ms="299" status="PASS">
          <reporter-output>
          </reporter-output>
        </test-method> <!-- ChecknumberOfPeopleIsCorrect -->
        <test-method signature="ChecknumberOfPeopleIsCorrect()[pri:5, instance:myTestCasese@3e30646a]" started-at="2025-08-19T01:44:58 EET" name="ChecknumberOfPeopleIsCorrect" finished-at="2025-08-19T01:44:58 EET" duration-ms="136" status="PASS">
          <reporter-output>
          </reporter-output>
        </test-method> <!-- ChecknumberOfPeopleIsCorrect -->
        <test-method signature="ChecknumberOfPeopleIsCorrect()[pri:5, instance:myTestCasese@3e30646a]" started-at="2025-08-19T01:44:58 EET" name="ChecknumberOfPeopleIsCorrect" finished-at="2025-08-19T01:44:58 EET" duration-ms="132" status="PASS">
          <reporter-output>
          </reporter-output>
        </test-method> <!-- ChecknumberOfPeopleIsCorrect -->
        <test-method signature="ChecknumberOfPeopleIsCorrect()[pri:5, instance:myTestCasese@3e30646a]" started-at="2025-08-19T01:44:58 EET" name="ChecknumberOfPeopleIsCorrect" finished-at="2025-08-19T01:44:58 EET" duration-ms="124" status="PASS">
          <reporter-output>
          </reporter-output>
        </test-method> <!-- ChecknumberOfPeopleIsCorrect -->
      </class> <!-- myTestCasese -->
    </test> <!-- Default test -->
  </suite> <!-- Default suite -->
</testng-results>
